<?xml version="1.0" encoding="UTF-8"?>
<testng-results ignored="0" total="2" passed="2" failed="0" skipped="0">
  <reporter-output>
  </reporter-output>
  <suite started-at="2022-08-16T19:15:20 PKT" name="Suite" finished-at="2022-08-16T19:16:37 PKT" duration-ms="76754">
    <groups>
    </groups>
    <test started-at="2022-08-16T19:15:20 PKT" name="Test" finished-at="2022-08-16T19:16:37 PKT" duration-ms="76754">
      <class name="com.uiautomation.FacebookStatusTest">
        <test-method signature="postFacebookStatus()[pri:0, instance:com.uiautomation.FacebookStatusTest@6cce16f4]" started-at="2022-08-16T19:15:20 PKT" name="postFacebookStatus" finished-at="2022-08-16T19:15:53 PKT" duration-ms="33137" status="PASS">
          <reporter-output>
          </reporter-output>
        </test-method> <!-- postFacebookStatus -->
      </class> <!-- com.uiautomation.FacebookStatusTest -->
      <class name="com.uiautomation.WalletHubReviewTest">
        <test-method signature="postReview()[pri:0, instance:com.uiautomation.WalletHubReviewTest@21337f7b]" started-at="2022-08-16T19:15:53 PKT" name="postReview" finished-at="2022-08-16T19:16:37 PKT" duration-ms="43582" status="PASS">
          <reporter-output>
          </reporter-output>
        </test-method> <!-- postReview -->
      </class> <!-- com.uiautomation.WalletHubReviewTest -->
    </test> <!-- Test -->
  </suite> <!-- Suite -->
</testng-results>
