<?xml version="1.0" encoding="UTF-8"?>
<testsuite xmlns:xsi="http://www.w3.org/2001/XMLSchema-instance" xsi:noNamespaceSchemaLocation="https://maven.apache.org/surefire/maven-surefire-plugin/xsd/surefire-test-report-3.0.xsd" version="3.0" name="TestSuite" time="87.744" tests="2" errors="0" skipped="0" failures="0">
  <properties>
[...]
</properties>
  <testcase name="postFacebookStatus" classname="com.uiautomation.FacebookStatusTest" time="33.144">
    <system-out><![CDATA[19:15:28.557 [main] DEBUG com.uiautomation.FacebookStatusTest - Waiting for Facebook...
19:15:35.614 [main] DEBUG com.uiautomation.FacebookStatusTest - Entering Username.
19:15:35.737 [main] DEBUG com.uiautomation.FacebookStatusTest - Entering Password.
19:15:35.808 [main] DEBUG com.uiautomation.FacebookStatusTest - Click Sign-in.
19:15:50.478 [main] DEBUG com.uiautomation.FacebookStatusTest - Entering Status Message.
19:15:52.231 [main] DEBUG com.uiautomation.FacebookStatusTest - Posting Status.
19:15:52.354 [main] INFO  com.uiautomation.FacebookStatusTest - Status Posted
]]></system-out>
    <system-err><![CDATA[SLF4J: Failed to load class "org.slf4j.impl.StaticLoggerBinder".
SLF4J: Defaulting to no-operation (NOP) logger implementation
SLF4J: See http://www.slf4j.org/codes.html#StaticLoggerBinder for further details.
Starting ChromeDriver 104.0.5112.79 (3cf3e8c8a07d104b9e1260c910efb8f383285dc5-refs/branch-heads/5112@{#1307}) on port 2480
Only local connections are allowed.
Please see https://chromedriver.chromium.org/security-considerations for suggestions on keeping ChromeDriver safe.
ChromeDriver was started successfully.
Aug 16, 2022 7:15:28 PM org.openqa.selenium.remote.ProtocolHandshake createSession
INFO: Detected dialect: W3C
]]></system-err>
  </testcase>
  <testcase name="postReview" classname="com.uiautomation.WalletHubReviewTest" time="43.578">
    <system-out><![CDATA[19:15:56.053 [main] DEBUG com.uiautomation.WalletHubReviewTest - Waiting for WalletHub.com...
19:16:10.151 [main] DEBUG com.uiautomation.WalletHubReviewTest - Entering Email.
19:16:10.365 [main] DEBUG com.uiautomation.WalletHubReviewTest - Entering Password.
19:16:10.450 [main] DEBUG com.uiautomation.WalletHubReviewTest - Signing-in.
19:16:19.556 [main] INFO  com.uiautomation.WalletHubReviewTest - https://wallethub.com/profile/68895366i
19:16:24.018 [main] DEBUG com.uiautomation.WalletHubReviewTest - Navigating to Test Insurance Company Profile.
19:16:24.020 [main] DEBUG com.uiautomation.WalletHubReviewTest - Switch to Reviews Tab.
19:16:24.116 [main] DEBUG com.uiautomation.WalletHubReviewTest - Clicking 4 Star Reviews.
19:16:25.378 [main] INFO  com.uiautomation.WalletHubReviewTest - 4 Star Review Selected.
19:16:25.584 [main] DEBUG com.uiautomation.WalletHubReviewTest - Seleting Health Insurance.
19:16:25.734 [main] DEBUG com.uiautomation.WalletHubReviewTest - Entering Review.
19:16:27.132 [main] DEBUG com.uiautomation.WalletHubReviewTest - Submitting Review.
19:16:32.241 [main] DEBUG com.uiautomation.WalletHubReviewTest - Validating Review Response Success Message.
19:16:32.242 [main] INFO  com.uiautomation.WalletHubReviewTest - Review Submitted.
19:16:32.245 [main] DEBUG com.uiautomation.WalletHubReviewTest - Click Continue.
19:16:33.030 [main] DEBUG com.uiautomation.WalletHubReviewTest - Navigating to Profile.
Test Insurance Company
19:16:35.818 [main] INFO  com.uiautomation.WalletHubReviewTest - Company Present:Test Insurance Company
19:16:35.856 [main] INFO  com.uiautomation.WalletHubReviewTest - 1 star rating is selected
19:16:35.878 [main] INFO  com.uiautomation.WalletHubReviewTest - 2 star rating is selected
19:16:35.902 [main] INFO  com.uiautomation.WalletHubReviewTest - 3 star rating is selected
19:16:35.925 [main] INFO  com.uiautomation.WalletHubReviewTest - 4 star rating is selected
19:16:35.948 [main] INFO  com.uiautomation.WalletHubReviewTest - PASS: Four Stars are selected
]]></system-out>
    <system-err><![CDATA[Starting ChromeDriver 104.0.5112.79 (3cf3e8c8a07d104b9e1260c910efb8f383285dc5-refs/branch-heads/5112@{#1307}) on port 34397
Only local connections are allowed.
Please see https://chromedriver.chromium.org/security-considerations for suggestions on keeping ChromeDriver safe.
ChromeDriver was started successfully.
Aug 16, 2022 7:15:56 PM org.openqa.selenium.remote.ProtocolHandshake createSession
INFO: Detected dialect: W3C
]]></system-err>
  </testcase>
</testsuite>