<?xml version="1.0" encoding="UTF-8"?>
<testng-results ignored="0" total="1" passed="1" failed="0" skipped="0">
  <reporter-output>
  </reporter-output>
  <suite started-at="2022-08-16T18:24:48 PKT" name="Default suite" finished-at="2022-08-16T18:25:25 PKT" duration-ms="36292">
    <groups>
    </groups>
    <test started-at="2022-08-16T18:24:48 PKT" name="Default test" finished-at="2022-08-16T18:25:25 PKT" duration-ms="36292">
      <class name="com.uiautomation.WalletHubReviewTest">
        <test-method signature="postReview()[pri:0, instance:com.uiautomation.WalletHubReviewTest@5d066c7d]" started-at="2022-08-16T18:24:48 PKT" name="postReview" finished-at="2022-08-16T18:25:25 PKT" duration-ms="36253" status="PASS">
          <reporter-output>
          </reporter-output>
        </test-method> <!-- postReview -->
      </class> <!-- com.uiautomation.WalletHubReviewTest -->
    </test> <!-- Default test -->
  </suite> <!-- Default suite -->
</testng-results>
